<?xml version="1.0" encoding="UTF-8"?>
<!-- Generated by org.testng.reporters.JUnitReportReporter -->
<testsuite hostname="DaivikG" failures="0" tests="5" name="apitests.UserApiTest" time="21.297" errors="0" timestamp="2023-09-27T18:57:03 PDT" skipped="0">
  <testcase classname="apitests.UserApiTest" name="loginApi" time="3.522"/>
  <testcase classname="apitests.UserApiTest" name="addUserApiTest" time="0.414"/>
  <testcase classname="apitests.UserApiTest" name="getUserApiTest" time="16.429"/>
  <testcase classname="apitests.UserApiTest" name="updateUserApiTest" time="0.437"/>
  <testcase classname="apitests.UserApiTest" name="deleteUserApiTest" time="0.495"/>
</testsuite> <!-- apitests.UserApiTest -->
