<?xml version="1.0" encoding="UTF-8"?>
<!-- Generated by org.testng.reporters.JUnitReportReporter -->
<testsuite hostname="DaivikG" failures="0" tests="5" name="stepdefinitions.Runner" time="24.212" errors="0" timestamp="2023-09-28T19:15:36 PDT" skipped="0">
  <testcase classname="stepdefinitions.Runner" name="runScenario" time="2.347"/>
  <testcase classname="stepdefinitions.Runner" name="runScenario" time="6.913"/>
  <testcase classname="stepdefinitions.Runner" name="runScenario" time="2.995"/>
  <testcase classname="stepdefinitions.Runner" name="runScenario" time="7.141"/>
  <testcase classname="stepdefinitions.Runner" name="runScenario" time="4.816"/>
</testsuite> <!-- stepdefinitions.Runner -->
