<?xml version="1.0" encoding="UTF-8"?>
<!-- Generated by org.testng.reporters.JUnitReportReporter -->
<testsuite hostname="DaivikG" failures="0" tests="5" name="apitests.UserApiTest" time="20.106" errors="0" timestamp="2023-10-10T17:18:02 PDT" skipped="0">
  <testcase classname="apitests.UserApiTest" name="loginApi" time="0.840"/>
  <testcase classname="apitests.UserApiTest" name="addUserApiTest" time="0.589"/>
  <testcase classname="apitests.UserApiTest" name="getUserApiTest" time="18.154"/>
  <testcase classname="apitests.UserApiTest" name="updateUserApiTest" time="0.297"/>
  <testcase classname="apitests.UserApiTest" name="deleteUserApiTest" time="0.226"/>
</testsuite> <!-- apitests.UserApiTest -->
