<?xml version="1.0" encoding="UTF-8"?>
<!-- Generated by org.testng.reporters.JUnitReportReporter -->
<testsuite hostname="DaivikG" failures="0" tests="5" name="stepdefinitions.Runner" time="19.346" errors="0" timestamp="2023-10-12T15:37:12 PDT" skipped="0">
  <testcase classname="stepdefinitions.Runner" name="runScenario" time="5.855"/>
  <testcase classname="stepdefinitions.Runner" name="runScenario" time="2.575"/>
  <testcase classname="stepdefinitions.Runner" name="runScenario" time="2.415"/>
  <testcase classname="stepdefinitions.Runner" name="runScenario" time="2.650"/>
  <testcase classname="stepdefinitions.Runner" name="runScenario" time="5.851"/>
</testsuite> <!-- stepdefinitions.Runner -->
